<?xml version="1.0" encoding="UTF-8"?>
<!-- Generated by org.testng.reporters.JUnitXMLReporter -->
<testsuite hostname="DESKTOP-7T59N6P" ignored="1" name="Default test" tests="1" failures="0" timestamp="28 Sep 2021 16:31:09 GMT" time="11.82" errors="0">
  <testcase name="robotGreens" time="11.74" classname="org.robotclass.RobotTest"/>
  <testcase name="robotFacebook" time="0.0" classname="org.robotclass.RobotTest">
    <ignored/>
  </testcase> <!-- robotFacebook -->
</testsuite> <!-- Default test -->
