<?xml version="1.0" encoding="UTF-8"?>
<!-- Generated by org.testng.reporters.JUnitXMLReporter -->
<testsuite hostname="DESKTOP-7T59N6P" ignored="1" name="Default test" tests="1" failures="0" timestamp="30 Sep 2021 23:54:47 GMT" time="7.485" errors="0">
  <testcase name="multidropdown" time="7.439" classname="org.dropdown.DropdownTest"/>
  <testcase name="facebookDropDown" time="0.0" classname="org.dropdown.DropdownTest">
    <ignored/>
  </testcase> <!-- facebookDropDown -->
</testsuite> <!-- Default test -->
