<?xml version="1.0" encoding="UTF-8"?>
<!-- Generated by org.testng.reporters.JUnitXMLReporter -->
<testsuite hostname="DESKTOP-7T59N6P" ignored="0" name="Test" tests="6" failures="1" timestamp="07 Nov 2021 23:36:20 GMT" time="0.15" errors="0">
  <testcase name="A1" time="0.025" classname="org.rerun.RerunTest"/>
  <testcase name="A2" time="0.007" classname="org.rerun.RerunTest">
    <skipped/>
  </testcase> <!-- A2 -->
  <testcase name="A2" time="0.004" classname="org.rerun.RerunTest">
    <skipped/>
  </testcase> <!-- A2 -->
  <testcase name="A2" time="0.006" classname="org.rerun.RerunTest">
    <skipped/>
  </testcase> <!-- A2 -->
  <testcase name="A2" time="0.004" classname="org.rerun.RerunTest">
    <failure type="java.lang.AssertionError" message="expected [true] but found [false]">
      <![CDATA[java.lang.AssertionError: expected [true] but found [false]
at org.rerun.RerunTest.A2(RerunTest.java:18)
... Removed 29 stack frames]]>
    </failure>
  </testcase> <!-- A2 -->
  <testcase name="A3" time="0.003" classname="org.rerun.RerunTest"/>
</testsuite> <!-- Test -->
