<?xml version="1.0" encoding="UTF-8"?>
<testng-results skipped="0" failed="0" ignored="0" total="2" passed="2">
  <reporter-output>
  </reporter-output>
  <suite name="Default suite" duration-ms="15255" started-at="2021-09-28T23:21:57Z" finished-at="2021-09-28T23:22:12Z">
    <groups>
    </groups>
    <test name="Default test" duration-ms="15255" started-at="2021-09-28T23:21:57Z" finished-at="2021-09-28T23:22:12Z">
      <class name="org.screenshot.ScreenshotTest">
        <test-method status="PASS" signature="greenScreenshot()[pri:0, instance:org.screenshot.ScreenshotTest@61832929]" name="greenScreenshot" duration-ms="8898" started-at="2021-09-28T23:21:57Z" finished-at="2021-09-28T23:22:06Z">
          <reporter-output>
          </reporter-output>
        </test-method> <!-- greenScreenshot -->
        <test-method status="PASS" signature="toolsScroll()[pri:0, instance:org.screenshot.ScreenshotTest@61832929]" name="toolsScroll" duration-ms="6276" started-at="2021-09-28T23:22:06Z" finished-at="2021-09-28T23:22:12Z">
          <reporter-output>
          </reporter-output>
        </test-method> <!-- toolsScroll -->
      </class> <!-- org.screenshot.ScreenshotTest -->
    </test> <!-- Default test -->
  </suite> <!-- Default suite -->
</testng-results>
